<?xml version="1.0" encoding="UTF-8"?>
<!-- Generated by org.testng.reporters.JUnitReportReporter -->
<testsuite hostname="TVDI-005" failures="0" tests="1" name="getNonBdd.GetNonBDD" time="2.830" errors="0" timestamp="2023-03-22T14:50:37 IST" skipped="0">
  <testcase classname="getNonBdd.GetNonBDD" name="getAllEmployess" time="2.830"/>
  <system-out/>
</testsuite> <!-- getNonBdd.GetNonBDD -->
