<?xml version="1.0" encoding="UTF-8"?>
<!-- Generated by org.testng.reporters.JUnitReportReporter -->
<testsuite hostname="TVDI-005" failures="0" tests="1" name="bddStyle.GetBdd" time="23.851" errors="0" timestamp="2023-03-22T15:14:17 IST" skipped="0">
  <testcase classname="bddStyle.GetBdd" name="getAllEmployess" time="23.851"/>
  <system-out/>
</testsuite> <!-- bddStyle.GetBdd -->
